<?xml version="1.0" encoding="UTF-8"?>
<!-- Generated by org.testng.reporters.JUnitXMLReporter -->
<testsuite ignored="0" hostname="Harishs-MacBook-Pro.local" failures="0" tests="4" name="Default test" time="70.13" errors="0" timestamp="2025-03-26T18:53:22 IST">
  <testcase classname="FullSetupTest" name="verifyLogin" time="20.517"/>
  <testcase classname="FullSetupTest" name="verifyAgent" time="8.778"/>
  <testcase classname="FullSetupTest" name="verifyimportFile" time="21.408"/>
  <testcase classname="FullSetupTest" name="verifyDashboardPage" time="17.62"/>
</testsuite> <!-- Default test -->
