<?xml version="1.0" encoding="UTF-8"?>
<testng-results ignored="0" total="4" passed="4" failed="0" skipped="0">
  <reporter-output>
  </reporter-output>
  <suite started-at="2025-03-26T18:52:07 IST" name="Default suite" finished-at="2025-03-26T18:53:17 IST" duration-ms="70130">
    <groups>
    </groups>
    <test started-at="2025-03-26T18:52:07 IST" name="Default test" finished-at="2025-03-26T18:53:17 IST" duration-ms="70130">
      <class name="FullSetupTest">
        <test-method is-config="true" signature="setUp()[pri:0, instance:FullSetupTest@16ec5519]" started-at="2025-03-26T18:52:07 IST" name="setUp" finished-at="2025-03-26T18:52:09 IST" duration-ms="1629" status="PASS">
          <reporter-output>
          </reporter-output>
        </test-method> <!-- setUp -->
        <test-method signature="verifyLogin()[pri:1, instance:FullSetupTest@16ec5519]" started-at="2025-03-26T18:52:09 IST" name="verifyLogin" finished-at="2025-03-26T18:52:29 IST" duration-ms="20517" status="PASS">
          <reporter-output>
          </reporter-output>
        </test-method> <!-- verifyLogin -->
        <test-method signature="verifyAgent()[pri:2, instance:FullSetupTest@16ec5519]" started-at="2025-03-26T18:52:29 IST" name="verifyAgent" finished-at="2025-03-26T18:52:38 IST" duration-ms="8778" status="PASS">
          <reporter-output>
          </reporter-output>
        </test-method> <!-- verifyAgent -->
        <test-method signature="verifyimportFile()[pri:3, instance:FullSetupTest@16ec5519]" started-at="2025-03-26T18:52:38 IST" name="verifyimportFile" finished-at="2025-03-26T18:53:00 IST" duration-ms="21408" status="PASS">
          <reporter-output>
          </reporter-output>
        </test-method> <!-- verifyimportFile -->
        <test-method signature="verifyDashboardPage()[pri:4, instance:FullSetupTest@16ec5519]" started-at="2025-03-26T18:53:00 IST" name="verifyDashboardPage" finished-at="2025-03-26T18:53:17 IST" duration-ms="17620" status="PASS">
          <reporter-output>
          </reporter-output>
        </test-method> <!-- verifyDashboardPage -->
        <test-method is-config="true" signature="tearDown()[pri:0, instance:FullSetupTest@16ec5519]" started-at="2025-03-26T18:53:17 IST" name="tearDown" finished-at="2025-03-26T18:53:17 IST" duration-ms="165" status="PASS">
          <reporter-output>
          </reporter-output>
        </test-method> <!-- tearDown -->
      </class> <!-- FullSetupTest -->
    </test> <!-- Default test -->
  </suite> <!-- Default suite -->
</testng-results>
